Arguments: 
  C:\Program Files\nodejs\node.exe C:\Users\portu\AppData\Roaming\npm\node_modules\yarn\bin\yarn.js init

PATH: 
  C:\Users\portu\bin;C:\Program Files\Git\mingw64\bin;C:\Program Files\Git\usr\local\bin;C:\Program Files\Git\usr\bin;C:\Program Files\Git\usr\bin;C:\Program Files\Git\mingw64\bin;C:\Program Files\Git\usr\bin;C:\Users\portu\bin;C:\Windows\system32;C:\Windows;C:\Windows\System32\Wbem;C:\Windows\System32\WindowsPowerShell\v1.0;C:\Windows\System32\OpenSSH;C:\php;C:\Apache24;C:\Apache24\bin;C:\Program Files\nodejs;C:\Ruby25-x64\bin;C:\Users\portu\AppData\Local\Microsoft\WindowsApps;C:\Users\portu\AppData\Local\Programs\Microsoft VS Code\bin;C:\Users\portu\AppData\Roaming\npm;C:\Program Files\Git\usr\bin\vendor_perl;C:\Program Files\Git\usr\bin\core_perl

Yarn version: 
  1.12.1

Node version: 
  10.11.0

Platform: 
  win32 x64

Trace: 
  Error: Can't answer a question unless a user TTY
      at ConsoleReporter.question (C:\Users\portu\AppData\Roaming\npm\node_modules\yarn\lib\cli.js:85041:59)
      at Object.<anonymous> (C:\Users\portu\AppData\Roaming\npm\node_modules\yarn\lib\cli.js:77630:38)
      at Generator.next (<anonymous>)
      at step (C:\Users\portu\AppData\Roaming\npm\node_modules\yarn\lib\cli.js:92:30)
      at C:\Users\portu\AppData\Roaming\npm\node_modules\yarn\lib\cli.js:103:13

npm manifest: 
  No manifest

yarn manifest: 
  No manifest

Lockfile: 
  No lockfile
